Arguments: 
  /home/gerseystelmach/.nvm/versions/node/v14.17.0/bin/node /home/gerseystelmach/.yarn/bin/yarn.js install

PATH: 
  /home/gerseystelmach/.yarn/bin:/home/gerseystelmach/.config/yarn/global/node_modules/.bin:/home/gerseystelmach/.sdkman/candidates/springboot/current/bin:/home/gerseystelmach/.nvm/versions/node/v14.17.0/bin:/usr/local/sbin:/usr/local/bin:/usr/sbin:/usr/bin:/sbin:/bin:/usr/games:/usr/local/games:/snap/bin:/home/gerseystelmach/Angular/Angular_UnitTests_Jasmine_Workshop/node_modules/.bin

Yarn version: 
  1.22.15

Node version: 
  14.17.0

Platform: 
  linux x64

Trace: 
  Error: https://registry.yarnpkg.com/rxjs/-/rxjs-7.5.2.tgz: ESOCKETTIMEDOUT
      at ClientRequest.<anonymous> (/home/gerseystelmach/.yarn/lib/cli.js:141512:19)
      at Object.onceWrapper (events.js:482:28)
      at ClientRequest.emit (events.js:376:20)
      at TLSSocket.emitRequestTimeout (_http_client.js:790:9)
      at Object.onceWrapper (events.js:482:28)
      at TLSSocket.emit (events.js:388:22)
      at TLSSocket.Socket._onTimeout (net.js:483:8)
      at listOnTimeout (internal/timers.js:555:17)
      at processTimers (internal/timers.js:498:7)

npm manifest: 
  {
    "name": "workshop-angular-karma",
    "version": "0.0.0",
    "scripts": {
      "ng": "ng",
      "start": "ng serve",
      "build": "ng build",
      "watch": "ng build --watch --configuration development",
      "test": "ng test"
    },
    "private": true,
    "dependencies": {
      "@angular/animations": "~13.1.0",
      "@angular/common": "~13.1.0",
      "@angular/compiler": "~13.1.0",
      "@angular/core": "~13.1.0",
      "@angular/forms": "~13.1.0",
      "@angular/platform-browser": "~13.1.0",
      "@angular/platform-browser-dynamic": "~13.1.0",
      "@angular/router": "~13.1.0",
      "rxjs": "~7.4.0",
      "tslib": "^2.3.0",
      "zone.js": "~0.11.4"
    },
    "devDependencies": {
      "@angular-devkit/build-angular": "~13.1.1",
      "@angular/cli": "~13.1.1",
      "@angular/compiler-cli": "~13.1.0",
      "@types/jasmine": "~3.10.0",
      "@types/node": "^12.11.1",
      "jasmine-core": "~3.10.0",
      "karma": "~6.3.0",
      "karma-chrome-launcher": "~3.1.0",
      "karma-coverage": "~2.1.0",
      "karma-jasmine": "~4.0.0",
      "karma-jasmine-html-reporter": "~1.7.0",
      "typescript": "~4.5.2"
    }
  }

yarn manifest: 
  No manifest

Lockfile: 
  No lockfile
